[debug] [2021-02-26T13:54:48.565Z] ----------------------------------------------------------------------
[debug] [2021-02-26T13:54:48.567Z] Command:       /Users/gizemella/.nvm/versions/node/v14.15.4/bin/node /Users/gizemella/.nvm/versions/node/v14.15.4/bin/firebase init
[debug] [2021-02-26T13:54:48.567Z] CLI Version:   9.5.0
[debug] [2021-02-26T13:54:48.567Z] Platform:      darwin
[debug] [2021-02-26T13:54:48.568Z] Node Version:  v14.15.4
[debug] [2021-02-26T13:54:48.568Z] Time:          Fri Feb 26 2021 14:54:48 GMT+0100 (Central European Standard Time)
[debug] [2021-02-26T13:54:48.568Z] ----------------------------------------------------------------------
[debug] [2021-02-26T13:54:48.568Z] 
[debug] [2021-02-26T13:54:48.575Z] > command requires scopes: ["email","openid","https://www.googleapis.com/auth/cloudplatformprojects.readonly","https://www.googleapis.com/auth/firebase","https://www.googleapis.com/auth/cloud-platform"]
[debug] [2021-02-26T13:54:48.576Z] > authorizing via signed-in user
[info] 
     ######## #### ########  ######## ########     ###     ######  ########
     ##        ##  ##     ## ##       ##     ##  ##   ##  ##       ##
     ######    ##  ########  ######   ########  #########  ######  ######
     ##        ##  ##    ##  ##       ##     ## ##     ##       ## ##
     ##       #### ##     ## ######## ########  ##     ##  ######  ########

You're about to initialize a Firebase project in this directory:

  /Users/gizemella/Desktop/bootCamp/gamex

[debug] [2021-02-26T15:02:03.808Z] TypeError: Cannot read property 'setRawMode' of null
    at ReadStream.setRawMode (tty.js:75:28)
    at Interface._setRawMode (readline.js:298:16)
    at Interface.close (readline.js:421:10)
    at ReadStream.ontermend (readline.js:209:10)
    at ReadStream.emit (events.js:327:22)
    at ReadStream.EventEmitter.emit (domain.js:467:12)
    at endReadableNT (internal/streams/readable.js:1327:12)
    at processTicksAndRejections (internal/process/task_queues.js:80:21)
[error] 
[error] Error: An unexpected error has occurred.
[debug] [2021-02-26T15:02:03.818Z] Error: write EIO
    at afterWriteDispatched (internal/stream_base_commons.js:156:25)
    at writeGeneric (internal/stream_base_commons.js:147:3)
    at WriteStream.Socket._writeGeneric (net.js:785:11)
    at WriteStream.Socket._write (net.js:797:8)
    at writeOrBuffer (internal/streams/writable.js:358:12)
    at WriteStream.Writable.write (internal/streams/writable.js:303:10)
    at Console.log (/Users/gizemella/.nvm/versions/node/v14.15.4/lib/node_modules/firebase-tools/node_modules/winston/lib/winston/transports/console.js:79:23)
    at Console._write (/Users/gizemella/.nvm/versions/node/v14.15.4/lib/node_modules/firebase-tools/node_modules/winston-transport/index.js:103:17)
    at doWrite (/Users/gizemella/.nvm/versions/node/v14.15.4/lib/node_modules/firebase-tools/node_modules/winston-transport/node_modules/readable-stream/lib/_stream_writable.js:428:64)
    at writeOrBuffer (/Users/gizemella/.nvm/versions/node/v14.15.4/lib/node_modules/firebase-tools/node_modules/winston-transport/node_modules/readable-stream/lib/_stream_writable.js:417:5)
    at Console.Writable.write (/Users/gizemella/.nvm/versions/node/v14.15.4/lib/node_modules/firebase-tools/node_modules/winston-transport/node_modules/readable-stream/lib/_stream_writable.js:334:11)
    at DerivedLogger.ondata (/Users/gizemella/.nvm/versions/node/v14.15.4/lib/node_modules/firebase-tools/node_modules/readable-stream/lib/_stream_readable.js:681:20)
    at DerivedLogger.emit (events.js:327:22)
    at DerivedLogger.EventEmitter.emit (domain.js:467:12)
    at addChunk (/Users/gizemella/.nvm/versions/node/v14.15.4/lib/node_modules/firebase-tools/node_modules/readable-stream/lib/_stream_readable.js:298:12)
    at readableAddChunk (/Users/gizemella/.nvm/versions/node/v14.15.4/lib/node_modules/firebase-tools/node_modules/readable-stream/lib/_stream_readable.js:280:11)
[error] 
[error] Error: An unexpected error has occurred.
